<?xml version="1.0" encoding="UTF-8"?>
<testng-results ignored="0" total="1" passed="0" failed="1" skipped="0">
  <reporter-output>
  </reporter-output>
  <suite started-at="2022-09-20T14:25:56 IST" name="Default suite" finished-at="2022-09-20T14:26:17 IST" duration-ms="21015">
    <groups>
    </groups>
    <test started-at="2022-09-20T14:25:56 IST" name="Default test" finished-at="2022-09-20T14:26:17 IST" duration-ms="21015">
      <class name="org.providencesms.systemtestscripts.AddExamTimetableTest">
        <test-method is-config="true" signature="classSetup()[pri:0, instance:org.providencesms.systemtestscripts.AddExamTimetableTest@21282ed8]" started-at="2022-09-20T14:25:56 IST" name="classSetup" finished-at="2022-09-20T14:26:01 IST" duration-ms="4457" status="PASS">
          <reporter-output>
          </reporter-output>
        </test-method> <!-- classSetup -->
        <test-method is-config="true" signature="methodSetup()[pri:0, instance:org.providencesms.systemtestscripts.AddExamTimetableTest@21282ed8]" started-at="2022-09-20T14:26:01 IST" name="methodSetup" finished-at="2022-09-20T14:26:01 IST" duration-ms="58" status="PASS">
          <reporter-output>
          </reporter-output>
        </test-method> <!-- methodSetup -->
        <test-method signature="addExamTimetableTest()[pri:0, instance:org.providencesms.systemtestscripts.AddExamTimetableTest@21282ed8]" started-at="2022-09-20T14:26:01 IST" name="addExamTimetableTest" finished-at="2022-09-20T14:26:17 IST" duration-ms="16086" status="FAIL">
          <exception class="java.lang.AssertionError">
            <message>
              <![CDATA[Test Case Fail]]>
            </message>
            <full-stacktrace>
              <![CDATA[java.lang.AssertionError: Test Case Fail
at org.testng.Assert.fail(Assert.java:99)
at org.providencesms.systemtestscripts.AddExamTimetableTest.addExamTimetableTest(AddExamTimetableTest.java:74)
at java.base/jdk.internal.reflect.DirectMethodHandleAccessor.invoke(DirectMethodHandleAccessor.java:104)
at java.base/java.lang.reflect.Method.invoke(Method.java:577)
at org.testng.internal.MethodInvocationHelper.invokeMethod(MethodInvocationHelper.java:133)
at org.testng.internal.TestInvoker.invokeMethod(TestInvoker.java:598)
at org.testng.internal.TestInvoker.invokeTestMethod(TestInvoker.java:173)
at org.testng.internal.MethodRunner.runInSequence(MethodRunner.java:46)
at org.testng.internal.TestInvoker$MethodInvocationAgent.invoke(TestInvoker.java:824)
at org.testng.internal.TestInvoker.invokeTestMethods(TestInvoker.java:146)
at org.testng.internal.TestMethodWorker.invokeTestMethods(TestMethodWorker.java:146)
at org.testng.internal.TestMethodWorker.run(TestMethodWorker.java:128)
at java.base/java.util.ArrayList.forEach(ArrayList.java:1511)
at org.testng.TestRunner.privateRun(TestRunner.java:794)
at org.testng.TestRunner.run(TestRunner.java:596)
at org.testng.SuiteRunner.runTest(SuiteRunner.java:377)
at org.testng.SuiteRunner.runSequentially(SuiteRunner.java:371)
at org.testng.SuiteRunner.privateRun(SuiteRunner.java:332)
at org.testng.SuiteRunner.run(SuiteRunner.java:276)
at org.testng.SuiteRunnerWorker.runSuite(SuiteRunnerWorker.java:53)
at org.testng.SuiteRunnerWorker.run(SuiteRunnerWorker.java:96)
at org.testng.TestNG.runSuitesSequentially(TestNG.java:1212)
at org.testng.TestNG.runSuitesLocally(TestNG.java:1134)
at org.testng.TestNG.runSuites(TestNG.java:1063)
at org.testng.TestNG.run(TestNG.java:1031)
at org.testng.remote.AbstractRemoteTestNG.run(AbstractRemoteTestNG.java:115)
at org.testng.remote.RemoteTestNG.initAndRun(RemoteTestNG.java:251)
at org.testng.remote.RemoteTestNG.main(RemoteTestNG.java:77)
]]>
            </full-stacktrace>
          </exception> <!-- java.lang.AssertionError -->
          <reporter-output>
          </reporter-output>
        </test-method> <!-- addExamTimetableTest -->
        <test-method is-config="true" signature="classTeardown()[pri:0, instance:org.providencesms.systemtestscripts.AddExamTimetableTest@21282ed8]" started-at="2022-09-20T14:26:17 IST" name="classTeardown" finished-at="2022-09-20T14:26:17 IST" duration-ms="329" status="PASS">
          <reporter-output>
          </reporter-output>
        </test-method> <!-- classTeardown -->
      </class> <!-- org.providencesms.systemtestscripts.AddExamTimetableTest -->
    </test> <!-- Default test -->
  </suite> <!-- Default suite -->
</testng-results>
